{"E:\\github项目\\biaoxun-zhuqu\\frontend\\src\\services\\deerFlowApi.ts": {"path":"E:\\github项目\\biaoxun-zhuqu\\frontend\\src\\services\\deerFlowApi.ts","statementMap":{"0":{"start":{"line":9,"column":25},"end":{"line":9,"column":null}},"1":{"start":{"line":116,"column":4},"end":{"line":122,"column":null}},"2":{"start":{"line":125,"column":4},"end":{"line":131,"column":null}},"3":{"start":{"line":126,"column":20},"end":{"line":126,"column":null}},"4":{"start":{"line":128,"column":8},"end":{"line":128,"column":null}},"5":{"start":{"line":129,"column":8},"end":{"line":129,"column":null}},"6":{"start":{"line":138,"column":59},"end":{"line":138,"column":91}},"7":{"start":{"line":139,"column":4},"end":{"line":139,"column":null}},"8":{"start":{"line":146,"column":56},"end":{"line":146,"column":92}},"9":{"start":{"line":147,"column":4},"end":{"line":147,"column":null}},"10":{"start":{"line":154,"column":47},"end":{"line":154,"column":96}},"11":{"start":{"line":155,"column":4},"end":{"line":155,"column":null}},"12":{"start":{"line":162,"column":55},"end":{"line":162,"column":95}},"13":{"start":{"line":163,"column":4},"end":{"line":163,"column":null}},"14":{"start":{"line":170,"column":55},"end":{"line":170,"column":124}},"15":{"start":{"line":171,"column":4},"end":{"line":171,"column":null}},"16":{"start":{"line":178,"column":56},"end":{"line":178,"column":92}},"17":{"start":{"line":179,"column":4},"end":{"line":179,"column":null}},"18":{"start":{"line":186,"column":47},"end":{"line":186,"column":96}},"19":{"start":{"line":187,"column":4},"end":{"line":187,"column":null}},"20":{"start":{"line":194,"column":47},"end":{"line":194,"column":109}},"21":{"start":{"line":195,"column":4},"end":{"line":195,"column":null}},"22":{"start":{"line":202,"column":58},"end":{"line":205,"column":6}},"23":{"start":{"line":206,"column":4},"end":{"line":206,"column":null}},"24":{"start":{"line":214,"column":55},"end":{"line":214,"column":119}},"25":{"start":{"line":215,"column":4},"end":{"line":215,"column":null}},"26":{"start":{"line":220,"column":27},"end":{"line":220,"column":51}}},"fnMap":{"0":{"name":"(anonymous_0)","decl":{"start":{"line":115,"column":2},"end":{"line":115,"column":16}},"loc":{"start":{"line":115,"column":16},"end":{"line":131,"column":null}},"line":115},"1":{"name":"(anonymous_1)","decl":{"start":{"line":125,"column":38},"end":{"line":125,"column":null}},"loc":{"start":{"line":126,"column":20},"end":{"line":126,"column":null}},"line":126},"2":{"name":"(anonymous_2)","decl":{"start":{"line":126,"column":20},"end":{"line":126,"column":null}},"loc":{"start":{"line":127,"column":17},"end":{"line":131,"column":null}},"line":127},"3":{"name":"(anonymous_3)","decl":{"start":{"line":137,"column":8},"end":{"line":137,"column":54}},"loc":{"start":{"line":137,"column":54},"end":{"line":139,"column":null}},"line":137},"4":{"name":"(anonymous_4)","decl":{"start":{"line":145,"column":8},"end":{"line":145,"column":42}},"loc":{"start":{"line":145,"column":42},"end":{"line":147,"column":null}},"line":145},"5":{"name":"(anonymous_5)","decl":{"start":{"line":153,"column":8},"end":{"line":153,"column":17}},"loc":{"start":{"line":153,"column":56},"end":{"line":155,"column":null}},"line":153},"6":{"name":"(anonymous_6)","decl":{"start":{"line":161,"column":8},"end":{"line":161,"column":65}},"loc":{"start":{"line":161,"column":65},"end":{"line":163,"column":null}},"line":161},"7":{"name":"(anonymous_7)","decl":{"start":{"line":169,"column":8},"end":{"line":169,"column":24}},"loc":{"start":{"line":169,"column":111},"end":{"line":171,"column":null}},"line":169},"8":{"name":"(anonymous_8)","decl":{"start":{"line":177,"column":8},"end":{"line":177,"column":42}},"loc":{"start":{"line":177,"column":42},"end":{"line":179,"column":null}},"line":177},"9":{"name":"(anonymous_9)","decl":{"start":{"line":185,"column":8},"end":{"line":185,"column":17}},"loc":{"start":{"line":185,"column":56},"end":{"line":187,"column":null}},"line":185},"10":{"name":"(anonymous_10)","decl":{"start":{"line":193,"column":8},"end":{"line":193,"column":20}},"loc":{"start":{"line":193,"column":77},"end":{"line":195,"column":null}},"line":193},"11":{"name":"(anonymous_11)","decl":{"start":{"line":201,"column":8},"end":{"line":201,"column":21}},"loc":{"start":{"line":201,"column":84},"end":{"line":206,"column":null}},"line":201},"12":{"name":"(anonymous_12)","decl":{"start":{"line":213,"column":8},"end":{"line":213,"column":18}},"loc":{"start":{"line":213,"column":91},"end":{"line":215,"column":null}},"line":213}},"branchMap":{"0":{"loc":{"start":{"line":9,"column":25},"end":{"line":9,"column":null}},"type":"binary-expr","locations":[{"start":{"line":9,"column":25},"end":{"line":9,"column":71}},{"start":{"line":9,"column":71},"end":{"line":9,"column":null}}],"line":9}},"s":{"0":1,"1":1,"2":1,"3":0,"4":0,"5":0,"6":2,"7":1,"8":3,"9":2,"10":2,"11":1,"12":2,"13":2,"14":1,"15":1,"16":2,"17":2,"18":2,"19":1,"20":1,"21":1,"22":2,"23":1,"24":2,"25":2,"26":1},"f":{"0":1,"1":0,"2":0,"3":2,"4":3,"5":2,"6":2,"7":1,"8":2,"9":2,"10":1,"11":2,"12":2},"b":{"0":[1,1]},"meta":{"lastBranch":1,"lastFunction":13,"lastStatement":27,"seen":{"s:9:25:9:Infinity":0,"b:9:25:9:71:9:71:9:Infinity":0,"f:115:2:115:16":0,"s:116:4:122:Infinity":1,"s:125:4:131:Infinity":2,"f:125:38:125:Infinity":1,"s:126:20:126:Infinity":3,"f:126:20:126:Infinity":2,"s:128:8:128:Infinity":4,"s:129:8:129:Infinity":5,"f:137:8:137:54":3,"s:138:59:138:91":6,"s:139:4:139:Infinity":7,"f:145:8:145:42":4,"s:146:56:146:92":8,"s:147:4:147:Infinity":9,"f:153:8:153:17":5,"s:154:47:154:96":10,"s:155:4:155:Infinity":11,"f:161:8:161:65":6,"s:162:55:162:95":12,"s:163:4:163:Infinity":13,"f:169:8:169:24":7,"s:170:55:170:124":14,"s:171:4:171:Infinity":15,"f:177:8:177:42":8,"s:178:56:178:92":16,"s:179:4:179:Infinity":17,"f:185:8:185:17":9,"s:186:47:186:96":18,"s:187:4:187:Infinity":19,"f:193:8:193:20":10,"s:194:47:194:109":20,"s:195:4:195:Infinity":21,"f:201:8:201:21":11,"s:202:58:205:6":22,"s:206:4:206:Infinity":23,"f:213:8:213:18":12,"s:214:55:214:119":24,"s:215:4:215:Infinity":25,"s:220:27:220:51":26}}}
}
