{"E:\\github项目\\biaoxun-zhuqu\\frontend\\src\\components\\TenderList.tsx": {"path":"E:\\github项目\\biaoxun-zhuqu\\frontend\\src\\components\\TenderList.tsx","statementMap":{"0":{"start":{"line":15,"column":13},"end":{"line":206,"column":null}},"1":{"start":{"line":16,"column":18},"end":{"line":16,"column":54}},"2":{"start":{"line":17,"column":18},"end":{"line":17,"column":47}},"3":{"start":{"line":18,"column":16},"end":{"line":18,"column":57}},"4":{"start":{"line":19,"column":15},"end":{"line":19,"column":37}},"5":{"start":{"line":20,"column":21},"end":{"line":20,"column":49}},"6":{"start":{"line":21,"column":19},"end":{"line":21,"column":null}},"7":{"start":{"line":23,"column":8},"end":{"line":36,"column":20}},"8":{"start":{"line":24,"column":4},"end":{"line":24,"column":null}},"9":{"start":{"line":25,"column":4},"end":{"line":25,"column":null}},"10":{"start":{"line":26,"column":4},"end":{"line":34,"column":null}},"11":{"start":{"line":27,"column":23},"end":{"line":27,"column":67}},"12":{"start":{"line":28,"column":6},"end":{"line":28,"column":null}},"13":{"start":{"line":29,"column":6},"end":{"line":29,"column":null}},"14":{"start":{"line":31,"column":6},"end":{"line":31,"column":null}},"15":{"start":{"line":34,"column":6},"end":{"line":34,"column":null}},"16":{"start":{"line":38,"column":2},"end":{"line":40,"column":null}},"17":{"start":{"line":39,"column":4},"end":{"line":39,"column":null}},"18":{"start":{"line":42,"column":21},"end":{"line":42,"column":53}},"19":{"start":{"line":44,"column":8},"end":{"line":46,"column":null}},"20":{"start":{"line":45,"column":4},"end":{"line":45,"column":null}},"21":{"start":{"line":45,"column":21},"end":{"line":45,"column":null}},"22":{"start":{"line":46,"column":4},"end":{"line":46,"column":null}},"23":{"start":{"line":49,"column":8},"end":{"line":52,"column":null}},"24":{"start":{"line":50,"column":4},"end":{"line":50,"column":null}},"25":{"start":{"line":50,"column":17},"end":{"line":50,"column":null}},"26":{"start":{"line":51,"column":19},"end":{"line":51,"column":null}},"27":{"start":{"line":52,"column":4},"end":{"line":52,"column":null}},"28":{"start":{"line":55,"column":8},"end":{"line":66,"column":null}},"29":{"start":{"line":56,"column":4},"end":{"line":66,"column":null}},"30":{"start":{"line":58,"column":8},"end":{"line":58,"column":null}},"31":{"start":{"line":60,"column":8},"end":{"line":60,"column":null}},"32":{"start":{"line":62,"column":8},"end":{"line":62,"column":null}},"33":{"start":{"line":64,"column":8},"end":{"line":64,"column":null}},"34":{"start":{"line":66,"column":8},"end":{"line":66,"column":null}},"35":{"start":{"line":70,"column":8},"end":{"line":77,"column":null}},"36":{"start":{"line":71,"column":46},"end":{"line":76,"column":null}},"37":{"start":{"line":77,"column":4},"end":{"line":77,"column":null}},"38":{"start":{"line":80,"column":2},"end":{"line":84,"column":null}},"39":{"start":{"line":81,"column":4},"end":{"line":84,"column":null}},"40":{"start":{"line":88,"column":2},"end":{"line":97,"column":null}},"41":{"start":{"line":89,"column":4},"end":{"line":97,"column":null}},"42":{"start":{"line":102,"column":2},"end":{"line":206,"column":null}},"43":{"start":{"line":136,"column":14},"end":{"line":181,"column":null}},"44":{"start":{"line":191,"column":27},"end":{"line":191,"column":61}},"45":{"start":{"line":191,"column":42},"end":{"line":191,"column":60}},"46":{"start":{"line":201,"column":27},"end":{"line":201,"column":70}},"47":{"start":{"line":201,"column":42},"end":{"line":201,"column":69}}},"fnMap":{"0":{"name":"(anonymous_0)","decl":{"start":{"line":15,"column":13},"end":{"line":15,"column":54}},"loc":{"start":{"line":15,"column":69},"end":{"line":206,"column":null}},"line":15},"1":{"name":"(anonymous_1)","decl":{"start":{"line":23,"column":35},"end":{"line":23,"column":47}},"loc":{"start":{"line":23,"column":47},"end":{"line":36,"column":6}},"line":23},"2":{"name":"(anonymous_2)","decl":{"start":{"line":38,"column":2},"end":{"line":38,"column":18}},"loc":{"start":{"line":38,"column":18},"end":{"line":40,"column":6}},"line":38},"3":{"name":"(anonymous_3)","decl":{"start":{"line":44,"column":8},"end":{"line":44,"column":22}},"loc":{"start":{"line":44,"column":46},"end":{"line":46,"column":null}},"line":44},"4":{"name":"(anonymous_4)","decl":{"start":{"line":49,"column":8},"end":{"line":49,"column":24}},"loc":{"start":{"line":49,"column":63},"end":{"line":52,"column":null}},"line":49},"5":{"name":"(anonymous_5)","decl":{"start":{"line":55,"column":8},"end":{"line":55,"column":26}},"loc":{"start":{"line":55,"column":45},"end":{"line":66,"column":null}},"line":55},"6":{"name":"(anonymous_6)","decl":{"start":{"line":70,"column":8},"end":{"line":70,"column":25}},"loc":{"start":{"line":70,"column":44},"end":{"line":77,"column":null}},"line":70},"7":{"name":"(anonymous_7)","decl":{"start":{"line":135,"column":21},"end":{"line":135,"column":26}},"loc":{"start":{"line":136,"column":14},"end":{"line":181,"column":null}},"line":136},"8":{"name":"(anonymous_8)","decl":{"start":{"line":191,"column":12},"end":{"line":191,"column":27}},"loc":{"start":{"line":191,"column":27},"end":{"line":191,"column":61}},"line":191},"9":{"name":"(anonymous_9)","decl":{"start":{"line":191,"column":27},"end":{"line":191,"column":36}},"loc":{"start":{"line":191,"column":42},"end":{"line":191,"column":60}},"line":191},"10":{"name":"(anonymous_10)","decl":{"start":{"line":201,"column":12},"end":{"line":201,"column":27}},"loc":{"start":{"line":201,"column":27},"end":{"line":201,"column":70}},"line":201},"11":{"name":"(anonymous_11)","decl":{"start":{"line":201,"column":27},"end":{"line":201,"column":36}},"loc":{"start":{"line":201,"column":42},"end":{"line":201,"column":69}},"line":201}},"branchMap":{"0":{"loc":{"start":{"line":45,"column":4},"end":{"line":45,"column":null}},"type":"if","locations":[{"start":{"line":45,"column":4},"end":{"line":45,"column":null}},{"start":{},"end":{}}],"line":45},"1":{"loc":{"start":{"line":50,"column":4},"end":{"line":50,"column":null}},"type":"if","locations":[{"start":{"line":50,"column":4},"end":{"line":50,"column":null}},{"start":{},"end":{}}],"line":50},"2":{"loc":{"start":{"line":51,"column":19},"end":{"line":51,"column":null}},"type":"cond-expr","locations":[{"start":{"line":51,"column":40},"end":{"line":51,"column":46}},{"start":{"line":51,"column":46},"end":{"line":51,"column":null}}],"line":51},"3":{"loc":{"start":{"line":51,"column":46},"end":{"line":51,"column":null}},"type":"cond-expr","locations":[{"start":{"line":51,"column":67},"end":{"line":51,"column":73}},{"start":{"line":51,"column":73},"end":{"line":51,"column":null}}],"line":51},"4":{"loc":{"start":{"line":56,"column":4},"end":{"line":66,"column":null}},"type":"switch","locations":[{"start":{"line":57,"column":6},"end":{"line":58,"column":null}},{"start":{"line":59,"column":6},"end":{"line":60,"column":null}},{"start":{"line":61,"column":6},"end":{"line":62,"column":null}},{"start":{"line":63,"column":6},"end":{"line":64,"column":null}},{"start":{"line":65,"column":6},"end":{"line":66,"column":null}}],"line":56},"5":{"loc":{"start":{"line":77,"column":11},"end":{"line":77,"column":null}},"type":"binary-expr","locations":[{"start":{"line":77,"column":11},"end":{"line":77,"column":32}},{"start":{"line":77,"column":32},"end":{"line":77,"column":null}}],"line":77},"6":{"loc":{"start":{"line":80,"column":2},"end":{"line":84,"column":null}},"type":"if","locations":[{"start":{"line":80,"column":2},"end":{"line":84,"column":null}},{"start":{},"end":{}}],"line":80},"7":{"loc":{"start":{"line":80,"column":6},"end":{"line":80,"column":39}},"type":"binary-expr","locations":[{"start":{"line":80,"column":6},"end":{"line":80,"column":17}},{"start":{"line":80,"column":17},"end":{"line":80,"column":39}}],"line":80},"8":{"loc":{"start":{"line":88,"column":2},"end":{"line":97,"column":null}},"type":"if","locations":[{"start":{"line":88,"column":2},"end":{"line":97,"column":null}},{"start":{},"end":{}}],"line":88},"9":{"loc":{"start":{"line":164,"column":19},"end":{"line":178,"column":null}},"type":"cond-expr","locations":[{"start":{"line":165,"column":20},"end":{"line":178,"column":21}},{"start":{"line":178,"column":20},"end":{"line":178,"column":null}}],"line":164},"10":{"loc":{"start":{"line":170,"column":29},"end":{"line":170,"column":null}},"type":"binary-expr","locations":[{"start":{"line":170,"column":29},"end":{"line":170,"column":51}},{"start":{"line":170,"column":51},"end":{"line":170,"column":null}}],"line":170},"11":{"loc":{"start":{"line":172,"column":64},"end":{"line":172,"column":100}},"type":"binary-expr","locations":[{"start":{"line":172,"column":64},"end":{"line":172,"column":86}},{"start":{"line":172,"column":86},"end":{"line":172,"column":100}}],"line":172},"12":{"loc":{"start":{"line":178,"column":53},"end":{"line":178,"column":86}},"type":"binary-expr","locations":[{"start":{"line":178,"column":53},"end":{"line":178,"column":75}},{"start":{"line":178,"column":75},"end":{"line":178,"column":86}}],"line":178},"13":{"loc":{"start":{"line":188,"column":7},"end":{"line":206,"column":null}},"type":"binary-expr","locations":[{"start":{"line":188,"column":7},"end":{"line":188,"column":null}},{"start":{"line":189,"column":8},"end":{"line":206,"column":null}}],"line":188}},"s":{"0":1,"1":42,"2":42,"3":42,"4":42,"5":42,"6":42,"7":42,"8":14,"9":14,"10":14,"11":14,"12":12,"13":12,"14":2,"15":14,"16":42,"17":14,"18":42,"19":42,"20":36,"21":12,"22":24,"23":42,"24":36,"25":12,"26":24,"27":36,"28":42,"29":36,"30":12,"31":0,"32":12,"33":12,"34":0,"35":42,"36":36,"37":36,"38":42,"39":14,"40":28,"41":2,"42":26,"43":36,"44":0,"45":0,"46":0,"47":0},"f":{"0":42,"1":14,"2":14,"3":36,"4":36,"5":36,"6":36,"7":36,"8":0,"9":0,"10":0,"11":0},"b":{"0":[12,24],"1":[12,24],"2":[24,0],"3":[0,0],"4":[12,0,12,12,0],"5":[36,0],"6":[14,28],"7":[42,14],"8":[2,26],"9":[24,12],"10":[24,0],"11":[24,0],"12":[12,12],"13":[26,12]},"meta":{"lastBranch":14,"lastFunction":12,"lastStatement":48,"seen":{"s:15:13:206:Infinity":0,"f:15:13:15:54":0,"s:16:18:16:54":1,"s:17:18:17:47":2,"s:18:16:18:57":3,"s:19:15:19:37":4,"s:20:21:20:49":5,"s:21:19:21:Infinity":6,"s:23:8:36:20":7,"f:23:35:23:47":1,"s:24:4:24:Infinity":8,"s:25:4:25:Infinity":9,"s:26:4:34:Infinity":10,"s:27:23:27:67":11,"s:28:6:28:Infinity":12,"s:29:6:29:Infinity":13,"s:31:6:31:Infinity":14,"s:34:6:34:Infinity":15,"s:38:2:40:Infinity":16,"f:38:2:38:18":2,"s:39:4:39:Infinity":17,"s:42:21:42:53":18,"s:44:8:46:Infinity":19,"f:44:8:44:22":3,"b:45:4:45:Infinity:undefined:undefined:undefined:undefined":0,"s:45:4:45:Infinity":20,"s:45:21:45:Infinity":21,"s:46:4:46:Infinity":22,"s:49:8:52:Infinity":23,"f:49:8:49:24":4,"b:50:4:50:Infinity:undefined:undefined:undefined:undefined":1,"s:50:4:50:Infinity":24,"s:50:17:50:Infinity":25,"s:51:19:51:Infinity":26,"b:51:40:51:46:51:46:51:Infinity":2,"b:51:67:51:73:51:73:51:Infinity":3,"s:52:4:52:Infinity":27,"s:55:8:66:Infinity":28,"f:55:8:55:26":5,"b:57:6:58:Infinity:59:6:60:Infinity:61:6:62:Infinity:63:6:64:Infinity:65:6:66:Infinity":4,"s:56:4:66:Infinity":29,"s:58:8:58:Infinity":30,"s:60:8:60:Infinity":31,"s:62:8:62:Infinity":32,"s:64:8:64:Infinity":33,"s:66:8:66:Infinity":34,"s:70:8:77:Infinity":35,"f:70:8:70:25":6,"s:71:46:76:Infinity":36,"s:77:4:77:Infinity":37,"b:77:11:77:32:77:32:77:Infinity":5,"b:80:2:84:Infinity:undefined:undefined:undefined:undefined":6,"s:80:2:84:Infinity":38,"b:80:6:80:17:80:17:80:39":7,"s:81:4:84:Infinity":39,"b:88:2:97:Infinity:undefined:undefined:undefined:undefined":8,"s:88:2:97:Infinity":40,"s:89:4:97:Infinity":41,"s:102:2:206:Infinity":42,"f:135:21:135:26":7,"s:136:14:181:Infinity":43,"b:165:20:178:21:178:20:178:Infinity":9,"b:170:29:170:51:170:51:170:Infinity":10,"b:172:64:172:86:172:86:172:100":11,"b:178:53:178:75:178:75:178:86":12,"b:188:7:188:Infinity:189:8:206:Infinity":13,"f:191:12:191:27":8,"s:191:27:191:61":44,"f:191:27:191:36":9,"s:191:42:191:60":45,"f:201:12:201:27":10,"s:201:27:201:70":46,"f:201:27:201:36":11,"s:201:42:201:69":47}}}
}
